<?xml version="1.0" encoding="UTF-8"?>
<testsuite name="MusicAccountRetrieverTest" tests="2" skipped="0" failures="0" errors="0" timestamp="2024-09-15T18:01:52" hostname="DESKTOP-URGQT26" time="0.037">
  <properties/>
  <testcase name="retrieveAccount_returnCorrectData_returnsData()" classname="MusicAccountRetrieverTest" time="0.031"/>
  <testcase name="retrieveAccount_ifFutureNull_futureNotNull()" classname="MusicAccountRetrieverTest" time="0.004"/>
  <system-out><![CDATA[]]></system-out>
  <system-err><![CDATA[]]></system-err>
</testsuite>
